current directory: /Users/s_montufar/pragmatic_studio/studio-rails/flix/''/gems/yarp-0.10.0/ext/yarp
/Users/s_montufar/.rbenv/versions/3.1.2/bin/ruby -I /Users/s_montufar/.rbenv/versions/3.1.2/lib/ruby/3.1.0 -r ./siteconf20230908-2958-g3d4wu.rb extconf.rb
checking for whether -fvisibility=hidden is accepted as CFLAGS... yes
compiling build/static/diagnostic.o
compiling build/static/token_type.o
compiling build/static/prettyprint.o
compiling build/static/util/yp_state_stack.o
compiling build/static/util/yp_memchr.o
compiling build/static/util/yp_newline_list.o
compiling build/static/util/yp_constant_pool.o
compiling build/static/util/yp_string_list.o
compiling build/static/util/yp_strpbrk.o
compiling build/static/util/yp_string.o
compiling build/static/util/yp_list.o
compiling build/static/util/yp_char.o
compiling build/static/util/yp_buffer.o
compiling build/static/util/yp_strncasecmp.o
compiling build/static/serialize.o
compiling build/static/regexp.o
compiling build/static/pack.o
compiling build/static/enc/yp_unicode.o
compiling build/static/enc/yp_windows_31j.o
compiling build/static/enc/yp_gbk.o
compiling build/static/enc/yp_shift_jis.o
compiling build/static/enc/yp_euc_jp.o
compiling build/static/enc/yp_big5.o
compiling build/static/enc/yp_tables.o
compiling build/static/unescape.o
compiling build/static/node.o
compiling build/static/yarp.o
building build/librubyparser.a
ar: creating archive build/librubyparser.a
checking for yarp.h in /Users/s_montufar/pragmatic_studio/studio-rails/flix/''/gems/yarp-0.10.0/include... no
*** extconf.rb failed ***
Could not create Makefile due to some reason, probably lack of necessary
libraries and/or headers.  Check the mkmf.log file for more details.  You may
need configuration options.

Provided configuration options:
	--with-opt-dir
	--without-opt-dir
	--with-opt-include
	--without-opt-include=${opt-dir}/include
	--with-opt-lib
	--without-opt-lib=${opt-dir}/lib
	--with-make-prog
	--without-make-prog
	--srcdir=.
	--curdir
	--ruby=/Users/s_montufar/.rbenv/versions/3.1.2/bin/$(RUBY_BASE_NAME)
	--enable-debug-mode-build
	--disable-debug-mode-build
	--enable-static
	--disable-static
extconf.rb:55:in `configure_rubyparser': yarp.h is required (RuntimeError)
	from extconf.rb:20:in `configure'
	from extconf.rb:136:in `<main>'

To see why this extension failed to compile, please check the mkmf.log which can be found here:

  /Users/s_montufar/pragmatic_studio/studio-rails/flix/''/extensions/arm64-darwin-22/3.1.0/yarp-0.10.0/mkmf.log

extconf failed, exit code 1
